1620612840.767494 client started (144390): version 3.0a, socket /tmp/tmux-1000/default, protocol 8
1620612840.767511 on Linux 5.8.0-50-generic #56~20.04.1-Ubuntu SMP Mon Apr 12 21:46:35 UTC 2021; libevent 2.1.11-stable (poll)
1620612840.767521 socket is /tmp/tmux-1000/default
1620612840.767528 trying connect
1620612840.767566 add peer 0x559dbb216f80: 6 ((nil))
1620612840.767609 sending message 100 to peer 0x559dbb216f80 (4 bytes)
1620612840.767613 sending message 101 to peer 0x559dbb216f80 (16 bytes)
1620612840.767616 sending message 102 to peer 0x559dbb216f80 (11 bytes)
1620612840.767618 sending message 108 to peer 0x559dbb216f80 (24 bytes)
1620612840.767621 sending message 104 to peer 0x559dbb216f80 (0 bytes)
1620612840.767624 sending message 107 to peer 0x559dbb216f80 (4 bytes)
1620612840.767626 sending message 105 to peer 0x559dbb216f80 (20 bytes)
1620612840.767628 sending message 105 to peer 0x559dbb216f80 (29 bytes)
1620612840.767631 sending message 105 to peer 0x559dbb216f80 (54 bytes)
1620612840.767633 sending message 105 to peer 0x559dbb216f80 (53 bytes)
1620612840.767635 sending message 105 to peer 0x559dbb216f80 (25 bytes)
1620612840.767642 sending message 105 to peer 0x559dbb216f80 (24 bytes)
1620612840.767646 sending message 105 to peer 0x559dbb216f80 (11 bytes)
1620612840.767649 sending message 105 to peer 0x559dbb216f80 (32 bytes)
1620612840.767651 sending message 105 to peer 0x559dbb216f80 (41 bytes)
1620612840.767653 sending message 105 to peer 0x559dbb216f80 (32 bytes)
1620612840.767655 sending message 105 to peer 0x559dbb216f80 (77 bytes)
1620612840.767658 sending message 105 to peer 0x559dbb216f80 (42 bytes)
1620612840.767660 sending message 105 to peer 0x559dbb216f80 (79 bytes)
1620612840.767662 sending message 105 to peer 0x559dbb216f80 (81 bytes)
1620612840.767665 sending message 105 to peer 0x559dbb216f80 (310 bytes)
1620612840.767667 sending message 105 to peer 0x559dbb216f80 (20 bytes)
1620612840.767669 sending message 105 to peer 0x559dbb216f80 (15 bytes)
1620612840.767672 sending message 105 to peer 0x559dbb216f80 (97 bytes)
1620612840.767674 sending message 105 to peer 0x559dbb216f80 (37 bytes)
1620612840.767676 sending message 105 to peer 0x559dbb216f80 (44 bytes)
1620612840.767678 sending message 105 to peer 0x559dbb216f80 (16 bytes)
1620612840.767680 sending message 105 to peer 0x559dbb216f80 (52 bytes)
1620612840.767683 sending message 105 to peer 0x559dbb216f80 (19 bytes)
1620612840.767685 sending message 105 to peer 0x559dbb216f80 (28 bytes)
1620612840.767687 sending message 105 to peer 0x559dbb216f80 (19 bytes)
1620612840.767689 sending message 105 to peer 0x559dbb216f80 (41 bytes)
1620612840.767692 sending message 105 to peer 0x559dbb216f80 (17 bytes)
1620612840.767694 sending message 105 to peer 0x559dbb216f80 (15 bytes)
1620612840.767696 sending message 105 to peer 0x559dbb216f80 (23 bytes)
1620612840.767698 sending message 105 to peer 0x559dbb216f80 (30 bytes)
1620612840.767700 sending message 105 to peer 0x559dbb216f80 (27 bytes)
1620612840.767703 sending message 105 to peer 0x559dbb216f80 (24 bytes)
1620612840.767705 sending message 105 to peer 0x559dbb216f80 (20 bytes)
1620612840.767707 sending message 105 to peer 0x559dbb216f80 (23 bytes)
1620612840.767709 sending message 105 to peer 0x559dbb216f80 (21 bytes)
1620612840.767711 sending message 105 to peer 0x559dbb216f80 (25 bytes)
1620612840.767714 sending message 105 to peer 0x559dbb216f80 (20 bytes)
1620612840.767716 sending message 105 to peer 0x559dbb216f80 (16 bytes)
1620612840.767718 sending message 105 to peer 0x559dbb216f80 (32 bytes)
1620612840.767721 sending message 105 to peer 0x559dbb216f80 (1506 bytes)
1620612840.767724 sending message 105 to peer 0x559dbb216f80 (56 bytes)
1620612840.767727 sending message 105 to peer 0x559dbb216f80 (29 bytes)
1620612840.767729 sending message 105 to peer 0x559dbb216f80 (53 bytes)
1620612840.767731 sending message 105 to peer 0x559dbb216f80 (16 bytes)
1620612840.767733 sending message 105 to peer 0x559dbb216f80 (27 bytes)
1620612840.767736 sending message 105 to peer 0x559dbb216f80 (62 bytes)
1620612840.767741 sending message 105 to peer 0x559dbb216f80 (21 bytes)
1620612840.767744 sending message 105 to peer 0x559dbb216f80 (17 bytes)
1620612840.767746 sending message 105 to peer 0x559dbb216f80 (774 bytes)
1620612840.767748 sending message 105 to peer 0x559dbb216f80 (37 bytes)
1620612840.767751 sending message 105 to peer 0x559dbb216f80 (16 bytes)
1620612840.767753 sending message 105 to peer 0x559dbb216f80 (19 bytes)
1620612840.767755 sending message 105 to peer 0x559dbb216f80 (28 bytes)
1620612840.767757 sending message 105 to peer 0x559dbb216f80 (19 bytes)
1620612840.767759 sending message 105 to peer 0x559dbb216f80 (18 bytes)
1620612840.767762 sending message 105 to peer 0x559dbb216f80 (26 bytes)
1620612840.767764 sending message 105 to peer 0x559dbb216f80 (26 bytes)
1620612840.767766 sending message 105 to peer 0x559dbb216f80 (124 bytes)
1620612840.767768 sending message 105 to peer 0x559dbb216f80 (19 bytes)
1620612840.767771 sending message 105 to peer 0x559dbb216f80 (8 bytes)
1620612840.767773 sending message 105 to peer 0x559dbb216f80 (28 bytes)
1620612840.767775 sending message 105 to peer 0x559dbb216f80 (19 bytes)
1620612840.767778 sending message 105 to peer 0x559dbb216f80 (41 bytes)
1620612840.767780 sending message 105 to peer 0x559dbb216f80 (38 bytes)
1620612840.767782 sending message 105 to peer 0x559dbb216f80 (19 bytes)
1620612840.767784 sending message 105 to peer 0x559dbb216f80 (21 bytes)
1620612840.767787 sending message 105 to peer 0x559dbb216f80 (37 bytes)
1620612840.767789 sending message 105 to peer 0x559dbb216f80 (53 bytes)
1620612840.767791 sending message 105 to peer 0x559dbb216f80 (13 bytes)
1620612840.767793 sending message 105 to peer 0x559dbb216f80 (54 bytes)
1620612840.767795 sending message 105 to peer 0x559dbb216f80 (13 bytes)
1620612840.767798 sending message 105 to peer 0x559dbb216f80 (17 bytes)
1620612840.767800 sending message 105 to peer 0x559dbb216f80 (18 bytes)
1620612840.767802 sending message 105 to peer 0x559dbb216f80 (37 bytes)
1620612840.767804 sending message 105 to peer 0x559dbb216f80 (47 bytes)
1620612840.767806 sending message 105 to peer 0x559dbb216f80 (29 bytes)
1620612840.767809 sending message 105 to peer 0x559dbb216f80 (182 bytes)
1620612840.767811 sending message 105 to peer 0x559dbb216f80 (51 bytes)
1620612840.767814 sending message 105 to peer 0x559dbb216f80 (23 bytes)
1620612840.767816 sending message 105 to peer 0x559dbb216f80 (31 bytes)
1620612840.767818 sending message 105 to peer 0x559dbb216f80 (52 bytes)
1620612840.767820 sending message 105 to peer 0x559dbb216f80 (23 bytes)
1620612840.767822 sending message 105 to peer 0x559dbb216f80 (29 bytes)
1620612840.767825 sending message 105 to peer 0x559dbb216f80 (58 bytes)
1620612840.767827 sending message 105 to peer 0x559dbb216f80 (21 bytes)
1620612840.767829 sending message 105 to peer 0x559dbb216f80 (20 bytes)
1620612840.767831 sending message 105 to peer 0x559dbb216f80 (34 bytes)
1620612840.767833 sending message 105 to peer 0x559dbb216f80 (41 bytes)
1620612840.767836 sending message 105 to peer 0x559dbb216f80 (24 bytes)
1620612840.767838 sending message 105 to peer 0x559dbb216f80 (16 bytes)
1620612840.767840 sending message 105 to peer 0x559dbb216f80 (36 bytes)
1620612840.767842 sending message 105 to peer 0x559dbb216f80 (32 bytes)
1620612840.767845 sending message 106 to peer 0x559dbb216f80 (0 bytes)
1620612840.767847 sending message 200 to peer 0x559dbb216f80 (4 bytes)
1620612840.767849 client loop enter
1620612840.768112 peer 0x559dbb216f80 message 211
1620612840.768119 client_write: sessions should be nested with care, unset $TMUX to force\n
1620612840.768127 peer 0x559dbb216f80 message 203
1620612840.768132 client loop exit
